<?xml version="1.0" encoding="UTF-8"?>
<!-- Generated by org.testng.reporters.JUnitXMLReporter -->
<testsuite ignored="1" hostname="MDALLAL" failures="0" tests="17" name="Default test" time="75.248" errors="0" timestamp="2025-06-03T15:59:52 GMT+03:00">
  <testcase classname="CodenBoxAutomationTest.CodenBoxAutomationTest.AppTest" name="RadioButton" time="0.207"/>
  <testcase classname="CodenBoxAutomationTest.CodenBoxAutomationTest.AppTest" name="DynamicDropdown" time="1.37"/>
  <testcase classname="CodenBoxAutomationTest.CodenBoxAutomationTest.AppTest" name="StaticDropdown" time="0.26"/>
  <testcase classname="CodenBoxAutomationTest.CodenBoxAutomationTest.AppTest" name="Checkbox" time="0.344"/>
  <testcase classname="CodenBoxAutomationTest.CodenBoxAutomationTest.AppTest" name="SwitchWindow" time="3.991"/>
  <testcase classname="CodenBoxAutomationTest.CodenBoxAutomationTest.AppTest" name="OpenTap" time="1.871"/>
  <testcase classname="CodenBoxAutomationTest.CodenBoxAutomationTest.AppTest" name="SwitchToAlert" time="4.449"/>
  <testcase classname="CodenBoxAutomationTest.CodenBoxAutomationTest.AppTest" name="webTable" time="0.76"/>
  <testcase classname="CodenBoxAutomationTest.CodenBoxAutomationTest.AppTest" name="thecrows" time="0.313"/>
  <testcase classname="CodenBoxAutomationTest.CodenBoxAutomationTest.AppTest" name="HideandShow" time="2.847"/>
  <testcase classname="CodenBoxAutomationTest.CodenBoxAutomationTest.AppTest" name="MouseHover" time="19.766"/>
  <testcase classname="CodenBoxAutomationTest.CodenBoxAutomationTest.AppTest" name="Iframe" time="3.369"/>
  <testcase classname="CodenBoxAutomationTest.CodenBoxAutomationTest.AppTest" name="DownloadApkFileandScreenShot" time="5.589"/>
  <testcase classname="CodenBoxAutomationTest.CodenBoxAutomationTest.AppTest" name="DownloadApkFileandScreenShot" time="2.859"/>
  <testcase classname="CodenBoxAutomationTest.CodenBoxAutomationTest.AppTest" name="DownloadApkFileandScreenShot" time="2.855"/>
  <testcase classname="CodenBoxAutomationTest.CodenBoxAutomationTest.AppTest" name="DownloadApkFileandScreenShot" time="2.853"/>
  <testcase classname="CodenBoxAutomationTest.CodenBoxAutomationTest.AppTest" name="DownloadApkFileandScreenShot" time="2.875"/>
  <testcase classname="CodenBoxAutomationTest.CodenBoxAutomationTest.AppTest" name="Calendar" time="0.0">
    <ignored/>
  </testcase> <!-- Calendar -->
</testsuite> <!-- Default test -->
